<html>
<head>
<title>TestNG:  Main tests</title>
<link href="../testng.css" rel="stylesheet" type="text/css" />
<link href="../my-testng.css" rel="stylesheet" type="text/css" />

<style type="text/css">
.log { display: none;} 
.stack-trace { display: none;} 
</style>
<script type="text/javascript">
<!--
function flip(e) {
  current = e.style.display;
  if (current == 'block') {
    e.style.display = 'none';
    return 0;
  }
  else {
    e.style.display = 'block';
    return 1;
  }
}

function toggleBox(szDivId, elem, msg1, msg2)
{
  var res = -1;  if (document.getElementById) {
    res = flip(document.getElementById(szDivId));
  }
  else if (document.all) {
    // this is the way old msie versions work
    res = flip(document.all[szDivId]);
  }
  if(elem) {
    if(res == 0) elem.innerHTML = msg1; else elem.innerHTML = msg2;
  }

}

function toggleAllBoxes() {
  if (document.getElementsByTagName) {
    d = document.getElementsByTagName('div');
    for (i = 0; i < d.length; i++) {
      if (d[i].className == 'log') {
        flip(d[i]);
      }
    }
  }
}

// -->
</script>

</head>
<body>
<h2 align='center'>Main tests</h2><table border='1' align="center">
<tr>
<td>Tests passed/Failed/Skipped:</td><td>23/0/2</td>
</tr><tr>
<td>Started on:</td><td>Sun Aug 01 01:28:26 EDT 2021</td>
</tr>
<tr><td>Total time:</td><td>66 seconds (66116 ms)</td>
</tr><tr>
<td>Included groups:</td><td></td>
</tr><tr>
<td>Excluded groups:</td><td></td>
</tr>
</table><p/>
<small><i>(Hover the method name to see the test class name)</i></small><p/>
<table width='100%' border='1' class='invocation-passed'>
<tr><td colspan='4' align='center'><b>PASSED TESTS</b></td></tr>
<tr><td><b>Test method</b></td>
<td width="30%"><b>Exception</b></td>
<td width="10%"><b>Time (seconds)</b></td>
<td><b>Instance</b></td>
</tr>
<tr>
<td title='pageObjectsTests.LoginToApp.flakyTest()'><b>flakyTest</b><br>Test class: pageObjectsTests.LoginToApp</td>
<td></td>
<td>0</td>
<td>pageObjectsTests.LoginToApp@21129f1f</td></tr>
<tr>
<td title='pageObjectsTests.LoginToAppFactory.loginToApp_correctCredentials_successfulLogin()'><b>loginToApp_correctCredentials_successfulLogin</b><br>Test class: pageObjectsTests.LoginToAppFactory</td>
<td></td>
<td>4</td>
<td>pageObjectsTests.LoginToAppFactory@352c1b98</td></tr>
<tr>
<td title='pageObjectsTests.LoginToApp.loginToApp_correctCredentials_successfulLogin()'><b>loginToApp_correctCredentials_successfulLogin</b><br>Test class: pageObjectsTests.LoginToApp</td>
<td></td>
<td>3</td>
<td>pageObjectsTests.LoginToApp@21129f1f</td></tr>
<tr>
<td title='pageObjectsTests.LoginToAppFactory.loginToApp_correctCredentials_successfulLogin_COPY1()'><b>loginToApp_correctCredentials_successfulLogin_COPY1</b><br>Test class: pageObjectsTests.LoginToAppFactory</td>
<td></td>
<td>3</td>
<td>pageObjectsTests.LoginToAppFactory@352c1b98</td></tr>
<tr>
<td title='pageObjectsTests.LoginToApp.loginToApp_correctCredentials_successfulLogin_COPY1()'><b>loginToApp_correctCredentials_successfulLogin_COPY1</b><br>Test class: pageObjectsTests.LoginToApp</td>
<td></td>
<td>3</td>
<td>pageObjectsTests.LoginToApp@21129f1f</td></tr>
<tr>
<td title='pageObjectsTests.LoginToAppFactory.loginToApp_correctCredentials_successfulLogin_COPY2()'><b>loginToApp_correctCredentials_successfulLogin_COPY2</b><br>Test class: pageObjectsTests.LoginToAppFactory</td>
<td></td>
<td>3</td>
<td>pageObjectsTests.LoginToAppFactory@352c1b98</td></tr>
<tr>
<td title='pageObjectsTests.LoginToApp.loginToApp_correctCredentials_successfulLogin_COPY2()'><b>loginToApp_correctCredentials_successfulLogin_COPY2</b><br>Test class: pageObjectsTests.LoginToApp</td>
<td></td>
<td>2</td>
<td>pageObjectsTests.LoginToApp@21129f1f</td></tr>
<tr>
<td title='pageObjectsTests.LoginToAppFactory.loginToApp_correctCredentials_successfulLogin_COPY3()'><b>loginToApp_correctCredentials_successfulLogin_COPY3</b><br>Test class: pageObjectsTests.LoginToAppFactory</td>
<td></td>
<td>4</td>
<td>pageObjectsTests.LoginToAppFactory@352c1b98</td></tr>
<tr>
<td title='pageObjectsTests.LoginToApp.loginToApp_correctCredentials_successfulLogin_COPY3()'><b>loginToApp_correctCredentials_successfulLogin_COPY3</b><br>Test class: pageObjectsTests.LoginToApp</td>
<td></td>
<td>3</td>
<td>pageObjectsTests.LoginToApp@21129f1f</td></tr>
<tr>
<td title='pageObjectsTests.LoginToAppFactory.loginToApp_incorrectCredentials_failedLogin()'><b>loginToApp_incorrectCredentials_failedLogin</b><br>Test class: pageObjectsTests.LoginToAppFactory</td>
<td></td>
<td>2</td>
<td>pageObjectsTests.LoginToAppFactory@352c1b98</td></tr>
<tr>
<td title='pageObjectsTests.LoginToApp.loginToApp_incorrectCredentials_failedLogin()'><b>loginToApp_incorrectCredentials_failedLogin</b><br>Test class: pageObjectsTests.LoginToApp</td>
<td></td>
<td>2</td>
<td>pageObjectsTests.LoginToApp@21129f1f</td></tr>
<tr>
<td title='pageObjectsTests.LoginToAppFactory.loginToApp_incorrectCredentials_failedLogin_COPY1()'><b>loginToApp_incorrectCredentials_failedLogin_COPY1</b><br>Test class: pageObjectsTests.LoginToAppFactory</td>
<td></td>
<td>2</td>
<td>pageObjectsTests.LoginToAppFactory@352c1b98</td></tr>
<tr>
<td title='pageObjectsTests.LoginToApp.loginToApp_incorrectCredentials_failedLogin_COPY1()'><b>loginToApp_incorrectCredentials_failedLogin_COPY1</b><br>Test class: pageObjectsTests.LoginToApp</td>
<td></td>
<td>2</td>
<td>pageObjectsTests.LoginToApp@21129f1f</td></tr>
<tr>
<td title='pageObjectsTests.LoginToAppFactory.loginToApp_incorrectCredentials_failedLogin_COPY2()'><b>loginToApp_incorrectCredentials_failedLogin_COPY2</b><br>Test class: pageObjectsTests.LoginToAppFactory</td>
<td></td>
<td>1</td>
<td>pageObjectsTests.LoginToAppFactory@352c1b98</td></tr>
<tr>
<td title='pageObjectsTests.LoginToApp.loginToApp_incorrectCredentials_failedLogin_COPY3()'><b>loginToApp_incorrectCredentials_failedLogin_COPY3</b><br>Test class: pageObjectsTests.LoginToApp</td>
<td></td>
<td>1</td>
<td>pageObjectsTests.LoginToApp@21129f1f</td></tr>
<tr>
<td title='pageObjectsTests.PlaylistTests.playlistTests_createNewPlaylist_playlistCreated()'><b>playlistTests_createNewPlaylist_playlistCreated</b><br>Test class: pageObjectsTests.PlaylistTests</td>
<td></td>
<td>5</td>
<td>pageObjectsTests.PlaylistTests@5a9f4771</td></tr>
<tr>
<td title='pageObjectsTests.PlaylistTests.playlistTests_createNewPlaylist_playlistCreated_COPY1()'><b>playlistTests_createNewPlaylist_playlistCreated_COPY1</b><br>Test class: pageObjectsTests.PlaylistTests</td>
<td></td>
<td>6</td>
<td>pageObjectsTests.PlaylistTests@5a9f4771</td></tr>
<tr>
<td title='pageObjectsTests.PlaylistTests.playlistTests_createNewPlaylist_playlistCreated_COPY2()'><b>playlistTests_createNewPlaylist_playlistCreated_COPY2</b><br>Test class: pageObjectsTests.PlaylistTests</td>
<td></td>
<td>5</td>
<td>pageObjectsTests.PlaylistTests@5a9f4771</td></tr>
<tr>
<td title='pageObjectsTests.PlaylistTests.playlistTests_createNewPlaylist_playlistCreated_COPY3()'><b>playlistTests_createNewPlaylist_playlistCreated_COPY3</b><br>Test class: pageObjectsTests.PlaylistTests</td>
<td></td>
<td>2</td>
<td>pageObjectsTests.PlaylistTests@5a9f4771</td></tr>
<tr>
<td title='pageObjectsTests.PlaylistTests.playlistTests_renameNewPlaylist_playlistRenamed()'><b>playlistTests_renameNewPlaylist_playlistRenamed</b><br>Test class: pageObjectsTests.PlaylistTests</td>
<td></td>
<td>5</td>
<td>pageObjectsTests.PlaylistTests@5a9f4771</td></tr>
<tr>
<td title='pageObjectsTests.PlaylistTests.playlistTests_renameNewPlaylist_playlistRenamed_COPY1()'><b>playlistTests_renameNewPlaylist_playlistRenamed_COPY1</b><br>Test class: pageObjectsTests.PlaylistTests</td>
<td></td>
<td>5</td>
<td>pageObjectsTests.PlaylistTests@5a9f4771</td></tr>
<tr>
<td title='pageObjectsTests.PlaylistTests.playlistTests_renameNewPlaylist_playlistRenamed_COPY2()'><b>playlistTests_renameNewPlaylist_playlistRenamed_COPY2</b><br>Test class: pageObjectsTests.PlaylistTests</td>
<td></td>
<td>3</td>
<td>pageObjectsTests.PlaylistTests@5a9f4771</td></tr>
<tr>
<td title='pageObjectsTests.PlaylistTests.playlistTests_renameNewPlaylist_playlistRenamed_COPY3()'><b>playlistTests_renameNewPlaylist_playlistRenamed_COPY3</b><br>Test class: pageObjectsTests.PlaylistTests</td>
<td></td>
<td>3</td>
<td>pageObjectsTests.PlaylistTests@5a9f4771</td></tr>
</table><p>
<table width='100%' border='1' class='invocation-skipped'>
<tr><td colspan='4' align='center'><b>SKIPPED TESTS</b></td></tr>
<tr><td><b>Test method</b></td>
<td width="30%"><b>Exception</b></td>
<td width="10%"><b>Time (seconds)</b></td>
<td><b>Instance</b></td>
</tr>
<tr>
<td title='pageObjectsTests.LoginToApp.flakyTest()'><b>flakyTest</b><br>Test class: pageObjectsTests.LoginToApp</td>
<td><div><pre>java.lang.AssertionError: expected [true] but found [false]
	at pageObjectsTests.LoginToApp.flakyTest(LoginToApp.java:15)
	at java.base/java.util.concurrent.ThreadPoolExecutor.runWorker(ThreadPoolExecutor.java:1130)
	at java.base/java.util.concurrent.ThreadPoolExecutor$Worker.run(ThreadPoolExecutor.java:630)
	at java.base/java.lang.Thread.run(Thread.java:832)
... Removed 14 stack frames</pre></div><a href='#' onClick='toggleBox("stack-trace485211078", this, "Click to show all stack frames", "Click to hide stack frames")'>Click to show all stack frames</a>
<div class='stack-trace' id='stack-trace485211078'><pre>java.lang.AssertionError: expected [true] but found [false]
	at org.testng.Assert.fail(Assert.java:96)
	at org.testng.Assert.failNotEquals(Assert.java:776)
	at org.testng.Assert.assertTrue(Assert.java:44)
	at org.testng.Assert.assertTrue(Assert.java:54)
	at pageObjectsTests.LoginToApp.flakyTest(LoginToApp.java:15)
	at java.base/jdk.internal.reflect.NativeMethodAccessorImpl.invoke0(Native Method)
	at java.base/jdk.internal.reflect.NativeMethodAccessorImpl.invoke(NativeMethodAccessorImpl.java:64)
	at java.base/jdk.internal.reflect.DelegatingMethodAccessorImpl.invoke(DelegatingMethodAccessorImpl.java:43)
	at java.base/java.lang.reflect.Method.invoke(Method.java:564)
	at org.testng.internal.MethodInvocationHelper.invokeMethod(MethodInvocationHelper.java:124)
	at org.testng.internal.Invoker.invokeMethod(Invoker.java:583)
	at org.testng.internal.Invoker.invokeTestMethod(Invoker.java:719)
	at org.testng.internal.Invoker.invokeTestMethods(Invoker.java:989)
	at org.testng.internal.TestMethodWorker.invokeTestMethods(TestMethodWorker.java:125)
	at org.testng.internal.TestMethodWorker.run(TestMethodWorker.java:109)
	at java.base/java.util.concurrent.ThreadPoolExecutor.runWorker(ThreadPoolExecutor.java:1130)
	at java.base/java.util.concurrent.ThreadPoolExecutor$Worker.run(ThreadPoolExecutor.java:630)
	at java.base/java.lang.Thread.run(Thread.java:832)
</pre></div></td>
<td>0</td>
<td>pageObjectsTests.LoginToApp@21129f1f</td></tr>
<tr>
<td title='pageObjectsTests.LoginToApp.flakyTest()'><b>flakyTest</b><br>Test class: pageObjectsTests.LoginToApp</td>
<td><div><pre>java.lang.AssertionError: expected [true] but found [false]
	at pageObjectsTests.LoginToApp.flakyTest(LoginToApp.java:15)
	at java.base/java.util.concurrent.ThreadPoolExecutor.runWorker(ThreadPoolExecutor.java:1130)
	at java.base/java.util.concurrent.ThreadPoolExecutor$Worker.run(ThreadPoolExecutor.java:630)
	at java.base/java.lang.Thread.run(Thread.java:832)
... Removed 14 stack frames</pre></div><a href='#' onClick='toggleBox("stack-trace587511251", this, "Click to show all stack frames", "Click to hide stack frames")'>Click to show all stack frames</a>
<div class='stack-trace' id='stack-trace587511251'><pre>java.lang.AssertionError: expected [true] but found [false]
	at org.testng.Assert.fail(Assert.java:96)
	at org.testng.Assert.failNotEquals(Assert.java:776)
	at org.testng.Assert.assertTrue(Assert.java:44)
	at org.testng.Assert.assertTrue(Assert.java:54)
	at pageObjectsTests.LoginToApp.flakyTest(LoginToApp.java:15)
	at java.base/jdk.internal.reflect.NativeMethodAccessorImpl.invoke0(Native Method)
	at java.base/jdk.internal.reflect.NativeMethodAccessorImpl.invoke(NativeMethodAccessorImpl.java:64)
	at java.base/jdk.internal.reflect.DelegatingMethodAccessorImpl.invoke(DelegatingMethodAccessorImpl.java:43)
	at java.base/java.lang.reflect.Method.invoke(Method.java:564)
	at org.testng.internal.MethodInvocationHelper.invokeMethod(MethodInvocationHelper.java:124)
	at org.testng.internal.Invoker.invokeMethod(Invoker.java:583)
	at org.testng.internal.Invoker.retryFailed(Invoker.java:839)
	at org.testng.internal.Invoker.invokeTestMethods(Invoker.java:1010)
	at org.testng.internal.TestMethodWorker.invokeTestMethods(TestMethodWorker.java:125)
	at org.testng.internal.TestMethodWorker.run(TestMethodWorker.java:109)
	at java.base/java.util.concurrent.ThreadPoolExecutor.runWorker(ThreadPoolExecutor.java:1130)
	at java.base/java.util.concurrent.ThreadPoolExecutor$Worker.run(ThreadPoolExecutor.java:630)
	at java.base/java.lang.Thread.run(Thread.java:832)
</pre></div></td>
<td>0</td>
<td>pageObjectsTests.LoginToApp@21129f1f</td></tr>
</table><p>
</body>
</html>