<?xml version="1.0" encoding="UTF-8"?>
<testng-results ignored="2" total="27" passed="23" failed="0" skipped="2">
  <reporter-output>
  </reporter-output>
  <suite started-at="2021-08-01T05:28:26Z" name="Master Suit" finished-at="2021-08-01T05:29:32Z" duration-ms="66116">
    <groups>
    </groups>
    <test started-at="2021-08-01T05:28:26Z" name="Main tests" finished-at="2021-08-01T05:29:32Z" duration-ms="66116">
      <class name="pageObjectsTests.LoginToAppFactory">
        <test-method is-config="true" signature="startUp(java.lang.String, java.lang.String, java.lang.String)[pri:0, instance:pageObjectsTests.LoginToAppFactory@352c1b98]" started-at="2021-08-01T05:28:26Z" name="startUp" finished-at="2021-08-01T05:28:28Z" duration-ms="2680" status="PASS">
          <params>
            <param index="0">
              <value>
                <![CDATA[testrun7809@gmail.com]]>
              </value>
            </param>
            <param index="1">
              <value>
                <![CDATA[12345]]>
              </value>
            </param>
            <param index="2">
              <value>
                <![CDATA[chrome]]>
              </value>
            </param>
          </params>
          <reporter-output>
          </reporter-output>
        </test-method> <!-- startUp -->
        <test-method signature="loginToApp_correctCredentials_successfulLogin()[pri:0, instance:pageObjectsTests.LoginToAppFactory@352c1b98]" started-at="2021-08-01T05:28:28Z" name="loginToApp_correctCredentials_successfulLogin" finished-at="2021-08-01T05:28:33Z" duration-ms="4440" status="PASS">
          <reporter-output>
          </reporter-output>
        </test-method> <!-- loginToApp_correctCredentials_successfulLogin -->
        <test-method is-config="true" signature="tearDown(org.testng.ITestResult)[pri:0, instance:pageObjectsTests.LoginToAppFactory@352c1b98]" started-at="2021-08-01T05:28:33Z" name="tearDown" finished-at="2021-08-01T05:28:35Z" duration-ms="2089" status="PASS">
          <params>
            <param index="0">
              <value>
                <![CDATA[[TestResult name=loginToApp_correctCredentials_successfulLogin status=SUCCESS method=LoginToAppFactory.loginToApp_correctCredentials_successfulLogin()[pri:0, instance:pageObjectsTests.LoginToAppFactory@352c1b98] output={null}]]]>
              </value>
            </param>
          </params>
          <reporter-output>
          </reporter-output>
        </test-method> <!-- tearDown -->
        <test-method is-config="true" signature="startUp(java.lang.String, java.lang.String, java.lang.String)[pri:0, instance:pageObjectsTests.LoginToAppFactory@352c1b98]" started-at="2021-08-01T05:28:35Z" name="startUp" finished-at="2021-08-01T05:28:35Z" duration-ms="619" status="PASS">
          <params>
            <param index="0">
              <value>
                <![CDATA[testrun7809@gmail.com]]>
              </value>
            </param>
            <param index="1">
              <value>
                <![CDATA[12345]]>
              </value>
            </param>
            <param index="2">
              <value>
                <![CDATA[chrome]]>
              </value>
            </param>
          </params>
          <reporter-output>
          </reporter-output>
        </test-method> <!-- startUp -->
        <test-method signature="loginToApp_incorrectCredentials_failedLogin()[pri:0, instance:pageObjectsTests.LoginToAppFactory@352c1b98]" started-at="2021-08-01T05:28:35Z" name="loginToApp_incorrectCredentials_failedLogin" finished-at="2021-08-01T05:28:38Z" duration-ms="2173" status="PASS">
          <reporter-output>
          </reporter-output>
        </test-method> <!-- loginToApp_incorrectCredentials_failedLogin -->
        <test-method is-config="true" signature="tearDown(org.testng.ITestResult)[pri:0, instance:pageObjectsTests.LoginToAppFactory@352c1b98]" started-at="2021-08-01T05:28:38Z" name="tearDown" finished-at="2021-08-01T05:28:40Z" duration-ms="2090" status="PASS">
          <params>
            <param index="0">
              <value>
                <![CDATA[[TestResult name=loginToApp_incorrectCredentials_failedLogin status=SUCCESS method=LoginToAppFactory.loginToApp_incorrectCredentials_failedLogin()[pri:0, instance:pageObjectsTests.LoginToAppFactory@352c1b98] output={null}]]]>
              </value>
            </param>
          </params>
          <reporter-output>
          </reporter-output>
        </test-method> <!-- tearDown -->
        <test-method is-config="true" signature="startUp(java.lang.String, java.lang.String, java.lang.String)[pri:0, instance:pageObjectsTests.LoginToAppFactory@352c1b98]" started-at="2021-08-01T05:28:40Z" name="startUp" finished-at="2021-08-01T05:28:41Z" duration-ms="1273" status="PASS">
          <params>
            <param index="0">
              <value>
                <![CDATA[testrun7809@gmail.com]]>
              </value>
            </param>
            <param index="1">
              <value>
                <![CDATA[12345]]>
              </value>
            </param>
            <param index="2">
              <value>
                <![CDATA[chrome]]>
              </value>
            </param>
          </params>
          <reporter-output>
          </reporter-output>
        </test-method> <!-- startUp -->
        <test-method signature="loginToApp_correctCredentials_successfulLogin_COPY1()[pri:0, instance:pageObjectsTests.LoginToAppFactory@352c1b98]" started-at="2021-08-01T05:28:41Z" name="loginToApp_correctCredentials_successfulLogin_COPY1" finished-at="2021-08-01T05:28:44Z" duration-ms="3077" status="PASS">
          <reporter-output>
          </reporter-output>
        </test-method> <!-- loginToApp_correctCredentials_successfulLogin_COPY1 -->
        <test-method is-config="true" signature="tearDown(org.testng.ITestResult)[pri:0, instance:pageObjectsTests.LoginToAppFactory@352c1b98]" started-at="2021-08-01T05:28:44Z" name="tearDown" finished-at="2021-08-01T05:28:46Z" duration-ms="2090" status="PASS">
          <params>
            <param index="0">
              <value>
                <![CDATA[[TestResult name=loginToApp_correctCredentials_successfulLogin_COPY1 status=SUCCESS method=LoginToAppFactory.loginToApp_correctCredentials_successfulLogin_COPY1()[pri:0, instance:pageObjectsTests.LoginToAppFactory@352c1b98] output={null}]]]>
              </value>
            </param>
          </params>
          <reporter-output>
          </reporter-output>
        </test-method> <!-- tearDown -->
        <test-method is-config="true" signature="startUp(java.lang.String, java.lang.String, java.lang.String)[pri:0, instance:pageObjectsTests.LoginToAppFactory@352c1b98]" started-at="2021-08-01T05:28:46Z" name="startUp" finished-at="2021-08-01T05:28:47Z" duration-ms="1206" status="PASS">
          <params>
            <param index="0">
              <value>
                <![CDATA[testrun7809@gmail.com]]>
              </value>
            </param>
            <param index="1">
              <value>
                <![CDATA[12345]]>
              </value>
            </param>
            <param index="2">
              <value>
                <![CDATA[chrome]]>
              </value>
            </param>
          </params>
          <reporter-output>
          </reporter-output>
        </test-method> <!-- startUp -->
        <test-method signature="loginToApp_incorrectCredentials_failedLogin_COPY1()[pri:0, instance:pageObjectsTests.LoginToAppFactory@352c1b98]" started-at="2021-08-01T05:28:47Z" name="loginToApp_incorrectCredentials_failedLogin_COPY1" finished-at="2021-08-01T05:28:50Z" duration-ms="2372" status="PASS">
          <reporter-output>
          </reporter-output>
        </test-method> <!-- loginToApp_incorrectCredentials_failedLogin_COPY1 -->
        <test-method is-config="true" signature="tearDown(org.testng.ITestResult)[pri:0, instance:pageObjectsTests.LoginToAppFactory@352c1b98]" started-at="2021-08-01T05:28:50Z" name="tearDown" finished-at="2021-08-01T05:28:52Z" duration-ms="2084" status="PASS">
          <params>
            <param index="0">
              <value>
                <![CDATA[[TestResult name=loginToApp_incorrectCredentials_failedLogin_COPY1 status=SUCCESS method=LoginToAppFactory.loginToApp_incorrectCredentials_failedLogin_COPY1()[pri:0, instance:pageObjectsTests.LoginToAppFactory@352c1b98] output={null}]]]>
              </value>
            </param>
          </params>
          <reporter-output>
          </reporter-output>
        </test-method> <!-- tearDown -->
        <test-method is-config="true" signature="startUp(java.lang.String, java.lang.String, java.lang.String)[pri:0, instance:pageObjectsTests.LoginToAppFactory@352c1b98]" started-at="2021-08-01T05:28:52Z" name="startUp" finished-at="2021-08-01T05:28:53Z" duration-ms="836" status="PASS">
          <params>
            <param index="0">
              <value>
                <![CDATA[testrun7809@gmail.com]]>
              </value>
            </param>
            <param index="1">
              <value>
                <![CDATA[12345]]>
              </value>
            </param>
            <param index="2">
              <value>
                <![CDATA[chrome]]>
              </value>
            </param>
          </params>
          <reporter-output>
          </reporter-output>
        </test-method> <!-- startUp -->
        <test-method signature="loginToApp_correctCredentials_successfulLogin_COPY2()[pri:0, instance:pageObjectsTests.LoginToAppFactory@352c1b98]" started-at="2021-08-01T05:28:53Z" name="loginToApp_correctCredentials_successfulLogin_COPY2" finished-at="2021-08-01T05:28:56Z" duration-ms="3540" status="PASS">
          <reporter-output>
          </reporter-output>
        </test-method> <!-- loginToApp_correctCredentials_successfulLogin_COPY2 -->
        <test-method is-config="true" signature="tearDown(org.testng.ITestResult)[pri:0, instance:pageObjectsTests.LoginToAppFactory@352c1b98]" started-at="2021-08-01T05:28:56Z" name="tearDown" finished-at="2021-08-01T05:28:58Z" duration-ms="2096" status="PASS">
          <params>
            <param index="0">
              <value>
                <![CDATA[[TestResult name=loginToApp_correctCredentials_successfulLogin_COPY2 status=SUCCESS method=LoginToAppFactory.loginToApp_correctCredentials_successfulLogin_COPY2()[pri:0, instance:pageObjectsTests.LoginToAppFactory@352c1b98] output={null}]]]>
              </value>
            </param>
          </params>
          <reporter-output>
          </reporter-output>
        </test-method> <!-- tearDown -->
        <test-method is-config="true" signature="startUp(java.lang.String, java.lang.String, java.lang.String)[pri:0, instance:pageObjectsTests.LoginToAppFactory@352c1b98]" started-at="2021-08-01T05:28:58Z" name="startUp" finished-at="2021-08-01T05:28:59Z" duration-ms="843" status="PASS">
          <params>
            <param index="0">
              <value>
                <![CDATA[testrun7809@gmail.com]]>
              </value>
            </param>
            <param index="1">
              <value>
                <![CDATA[12345]]>
              </value>
            </param>
            <param index="2">
              <value>
                <![CDATA[chrome]]>
              </value>
            </param>
          </params>
          <reporter-output>
          </reporter-output>
        </test-method> <!-- startUp -->
        <test-method signature="loginToApp_incorrectCredentials_failedLogin_COPY2()[pri:0, instance:pageObjectsTests.LoginToAppFactory@352c1b98]" started-at="2021-08-01T05:28:59Z" name="loginToApp_incorrectCredentials_failedLogin_COPY2" finished-at="2021-08-01T05:29:01Z" duration-ms="1811" status="PASS">
          <reporter-output>
          </reporter-output>
        </test-method> <!-- loginToApp_incorrectCredentials_failedLogin_COPY2 -->
        <test-method is-config="true" signature="tearDown(org.testng.ITestResult)[pri:0, instance:pageObjectsTests.LoginToAppFactory@352c1b98]" started-at="2021-08-01T05:29:01Z" name="tearDown" finished-at="2021-08-01T05:29:03Z" duration-ms="2084" status="PASS">
          <params>
            <param index="0">
              <value>
                <![CDATA[[TestResult name=loginToApp_incorrectCredentials_failedLogin_COPY2 status=SUCCESS method=LoginToAppFactory.loginToApp_incorrectCredentials_failedLogin_COPY2()[pri:0, instance:pageObjectsTests.LoginToAppFactory@352c1b98] output={null}]]]>
              </value>
            </param>
          </params>
          <reporter-output>
          </reporter-output>
        </test-method> <!-- tearDown -->
        <test-method is-config="true" signature="startUp(java.lang.String, java.lang.String, java.lang.String)[pri:0, instance:pageObjectsTests.LoginToAppFactory@352c1b98]" started-at="2021-08-01T05:29:03Z" name="startUp" finished-at="2021-08-01T05:29:04Z" duration-ms="1010" status="PASS">
          <params>
            <param index="0">
              <value>
                <![CDATA[testrun7809@gmail.com]]>
              </value>
            </param>
            <param index="1">
              <value>
                <![CDATA[12345]]>
              </value>
            </param>
            <param index="2">
              <value>
                <![CDATA[chrome]]>
              </value>
            </param>
          </params>
          <reporter-output>
          </reporter-output>
        </test-method> <!-- startUp -->
        <test-method signature="loginToApp_correctCredentials_successfulLogin_COPY3()[pri:0, instance:pageObjectsTests.LoginToAppFactory@352c1b98]" started-at="2021-08-01T05:29:04Z" name="loginToApp_correctCredentials_successfulLogin_COPY3" finished-at="2021-08-01T05:29:08Z" duration-ms="4162" status="PASS">
          <reporter-output>
          </reporter-output>
        </test-method> <!-- loginToApp_correctCredentials_successfulLogin_COPY3 -->
        <test-method is-config="true" signature="tearDown(org.testng.ITestResult)[pri:0, instance:pageObjectsTests.LoginToAppFactory@352c1b98]" started-at="2021-08-01T05:29:08Z" name="tearDown" finished-at="2021-08-01T05:29:10Z" duration-ms="2094" status="PASS">
          <params>
            <param index="0">
              <value>
                <![CDATA[[TestResult name=loginToApp_correctCredentials_successfulLogin_COPY3 status=SUCCESS method=LoginToAppFactory.loginToApp_correctCredentials_successfulLogin_COPY3()[pri:0, instance:pageObjectsTests.LoginToAppFactory@352c1b98] output={null}]]]>
              </value>
            </param>
          </params>
          <reporter-output>
          </reporter-output>
        </test-method> <!-- tearDown -->
      </class> <!-- pageObjectsTests.LoginToAppFactory -->
      <class name="pageObjectsTests.PlaylistTests">
        <test-method is-config="true" signature="startUp(java.lang.String, java.lang.String, java.lang.String)[pri:0, instance:pageObjectsTests.PlaylistTests@5a9f4771]" started-at="2021-08-01T05:28:26Z" name="startUp" finished-at="2021-08-01T05:28:28Z" duration-ms="2691" status="PASS">
          <params>
            <param index="0">
              <value>
                <![CDATA[testrun7809@gmail.com]]>
              </value>
            </param>
            <param index="1">
              <value>
                <![CDATA[12345]]>
              </value>
            </param>
            <param index="2">
              <value>
                <![CDATA[chrome]]>
              </value>
            </param>
          </params>
          <reporter-output>
          </reporter-output>
        </test-method> <!-- startUp -->
        <test-method signature="playlistTests_createNewPlaylist_playlistCreated()[pri:0, instance:pageObjectsTests.PlaylistTests@5a9f4771]" started-at="2021-08-01T05:28:28Z" name="playlistTests_createNewPlaylist_playlistCreated" finished-at="2021-08-01T05:28:34Z" duration-ms="5202" status="PASS">
          <reporter-output>
          </reporter-output>
        </test-method> <!-- playlistTests_createNewPlaylist_playlistCreated -->
        <test-method is-config="true" signature="tearDown(org.testng.ITestResult)[pri:0, instance:pageObjectsTests.PlaylistTests@5a9f4771]" started-at="2021-08-01T05:28:34Z" name="tearDown" finished-at="2021-08-01T05:28:36Z" duration-ms="2095" status="PASS">
          <params>
            <param index="0">
              <value>
                <![CDATA[[TestResult name=playlistTests_createNewPlaylist_playlistCreated status=SUCCESS method=PlaylistTests.playlistTests_createNewPlaylist_playlistCreated()[pri:0, instance:pageObjectsTests.PlaylistTests@5a9f4771] output={null}]]]>
              </value>
            </param>
          </params>
          <reporter-output>
          </reporter-output>
        </test-method> <!-- tearDown -->
        <test-method is-config="true" signature="startUp(java.lang.String, java.lang.String, java.lang.String)[pri:0, instance:pageObjectsTests.PlaylistTests@5a9f4771]" started-at="2021-08-01T05:28:36Z" name="startUp" finished-at="2021-08-01T05:28:36Z" duration-ms="681" status="PASS">
          <params>
            <param index="0">
              <value>
                <![CDATA[testrun7809@gmail.com]]>
              </value>
            </param>
            <param index="1">
              <value>
                <![CDATA[12345]]>
              </value>
            </param>
            <param index="2">
              <value>
                <![CDATA[chrome]]>
              </value>
            </param>
          </params>
          <reporter-output>
          </reporter-output>
        </test-method> <!-- startUp -->
        <test-method signature="playlistTests_renameNewPlaylist_playlistRenamed()[pri:0, instance:pageObjectsTests.PlaylistTests@5a9f4771]" started-at="2021-08-01T05:28:36Z" name="playlistTests_renameNewPlaylist_playlistRenamed" finished-at="2021-08-01T05:28:42Z" duration-ms="5551" status="PASS">
          <reporter-output>
          </reporter-output>
        </test-method> <!-- playlistTests_renameNewPlaylist_playlistRenamed -->
        <test-method is-config="true" signature="tearDown(org.testng.ITestResult)[pri:0, instance:pageObjectsTests.PlaylistTests@5a9f4771]" started-at="2021-08-01T05:28:42Z" name="tearDown" finished-at="2021-08-01T05:28:44Z" duration-ms="2090" status="PASS">
          <params>
            <param index="0">
              <value>
                <![CDATA[[TestResult name=playlistTests_renameNewPlaylist_playlistRenamed status=SUCCESS method=PlaylistTests.playlistTests_renameNewPlaylist_playlistRenamed()[pri:0, instance:pageObjectsTests.PlaylistTests@5a9f4771] output={null}]]]>
              </value>
            </param>
          </params>
          <reporter-output>
          </reporter-output>
        </test-method> <!-- tearDown -->
        <test-method is-config="true" signature="startUp(java.lang.String, java.lang.String, java.lang.String)[pri:0, instance:pageObjectsTests.PlaylistTests@5a9f4771]" started-at="2021-08-01T05:28:44Z" name="startUp" finished-at="2021-08-01T05:28:47Z" duration-ms="2580" status="PASS">
          <params>
            <param index="0">
              <value>
                <![CDATA[testrun7809@gmail.com]]>
              </value>
            </param>
            <param index="1">
              <value>
                <![CDATA[12345]]>
              </value>
            </param>
            <param index="2">
              <value>
                <![CDATA[chrome]]>
              </value>
            </param>
          </params>
          <reporter-output>
          </reporter-output>
        </test-method> <!-- startUp -->
        <test-method signature="playlistTests_createNewPlaylist_playlistCreated_COPY1()[pri:0, instance:pageObjectsTests.PlaylistTests@5a9f4771]" started-at="2021-08-01T05:28:47Z" name="playlistTests_createNewPlaylist_playlistCreated_COPY1" finished-at="2021-08-01T05:28:53Z" duration-ms="6636" status="PASS">
          <reporter-output>
          </reporter-output>
        </test-method> <!-- playlistTests_createNewPlaylist_playlistCreated_COPY1 -->
        <test-method is-config="true" signature="tearDown(org.testng.ITestResult)[pri:0, instance:pageObjectsTests.PlaylistTests@5a9f4771]" started-at="2021-08-01T05:28:53Z" name="tearDown" finished-at="2021-08-01T05:28:55Z" duration-ms="2093" status="PASS">
          <params>
            <param index="0">
              <value>
                <![CDATA[[TestResult name=playlistTests_createNewPlaylist_playlistCreated_COPY1 status=SUCCESS method=PlaylistTests.playlistTests_createNewPlaylist_playlistCreated_COPY1()[pri:0, instance:pageObjectsTests.PlaylistTests@5a9f4771] output={null}]]]>
              </value>
            </param>
          </params>
          <reporter-output>
          </reporter-output>
        </test-method> <!-- tearDown -->
        <test-method is-config="true" signature="startUp(java.lang.String, java.lang.String, java.lang.String)[pri:0, instance:pageObjectsTests.PlaylistTests@5a9f4771]" started-at="2021-08-01T05:28:55Z" name="startUp" finished-at="2021-08-01T05:28:56Z" duration-ms="1032" status="PASS">
          <params>
            <param index="0">
              <value>
                <![CDATA[testrun7809@gmail.com]]>
              </value>
            </param>
            <param index="1">
              <value>
                <![CDATA[12345]]>
              </value>
            </param>
            <param index="2">
              <value>
                <![CDATA[chrome]]>
              </value>
            </param>
          </params>
          <reporter-output>
          </reporter-output>
        </test-method> <!-- startUp -->
        <test-method signature="playlistTests_renameNewPlaylist_playlistRenamed_COPY1()[pri:0, instance:pageObjectsTests.PlaylistTests@5a9f4771]" started-at="2021-08-01T05:28:56Z" name="playlistTests_renameNewPlaylist_playlistRenamed_COPY1" finished-at="2021-08-01T05:29:02Z" duration-ms="5668" status="PASS">
          <reporter-output>
          </reporter-output>
        </test-method> <!-- playlistTests_renameNewPlaylist_playlistRenamed_COPY1 -->
        <test-method is-config="true" signature="tearDown(org.testng.ITestResult)[pri:0, instance:pageObjectsTests.PlaylistTests@5a9f4771]" started-at="2021-08-01T05:29:02Z" name="tearDown" finished-at="2021-08-01T05:29:04Z" duration-ms="2098" status="PASS">
          <params>
            <param index="0">
              <value>
                <![CDATA[[TestResult name=playlistTests_renameNewPlaylist_playlistRenamed_COPY1 status=SUCCESS method=PlaylistTests.playlistTests_renameNewPlaylist_playlistRenamed_COPY1()[pri:0, instance:pageObjectsTests.PlaylistTests@5a9f4771] output={null}]]]>
              </value>
            </param>
          </params>
          <reporter-output>
          </reporter-output>
        </test-method> <!-- tearDown -->
        <test-method is-config="true" signature="startUp(java.lang.String, java.lang.String, java.lang.String)[pri:0, instance:pageObjectsTests.PlaylistTests@5a9f4771]" started-at="2021-08-01T05:29:04Z" name="startUp" finished-at="2021-08-01T05:29:05Z" duration-ms="957" status="PASS">
          <params>
            <param index="0">
              <value>
                <![CDATA[testrun7809@gmail.com]]>
              </value>
            </param>
            <param index="1">
              <value>
                <![CDATA[12345]]>
              </value>
            </param>
            <param index="2">
              <value>
                <![CDATA[chrome]]>
              </value>
            </param>
          </params>
          <reporter-output>
          </reporter-output>
        </test-method> <!-- startUp -->
        <test-method signature="playlistTests_createNewPlaylist_playlistCreated_COPY2()[pri:0, instance:pageObjectsTests.PlaylistTests@5a9f4771]" started-at="2021-08-01T05:29:05Z" name="playlistTests_createNewPlaylist_playlistCreated_COPY2" finished-at="2021-08-01T05:29:11Z" duration-ms="5780" status="PASS">
          <reporter-output>
          </reporter-output>
        </test-method> <!-- playlistTests_createNewPlaylist_playlistCreated_COPY2 -->
        <test-method is-config="true" signature="tearDown(org.testng.ITestResult)[pri:0, instance:pageObjectsTests.PlaylistTests@5a9f4771]" started-at="2021-08-01T05:29:11Z" name="tearDown" finished-at="2021-08-01T05:29:13Z" duration-ms="2090" status="PASS">
          <params>
            <param index="0">
              <value>
                <![CDATA[[TestResult name=playlistTests_createNewPlaylist_playlistCreated_COPY2 status=SUCCESS method=PlaylistTests.playlistTests_createNewPlaylist_playlistCreated_COPY2()[pri:0, instance:pageObjectsTests.PlaylistTests@5a9f4771] output={null}]]]>
              </value>
            </param>
          </params>
          <reporter-output>
          </reporter-output>
        </test-method> <!-- tearDown -->
        <test-method is-config="true" signature="startUp(java.lang.String, java.lang.String, java.lang.String)[pri:0, instance:pageObjectsTests.PlaylistTests@5a9f4771]" started-at="2021-08-01T05:29:13Z" name="startUp" finished-at="2021-08-01T05:29:14Z" duration-ms="1026" status="PASS">
          <params>
            <param index="0">
              <value>
                <![CDATA[testrun7809@gmail.com]]>
              </value>
            </param>
            <param index="1">
              <value>
                <![CDATA[12345]]>
              </value>
            </param>
            <param index="2">
              <value>
                <![CDATA[chrome]]>
              </value>
            </param>
          </params>
          <reporter-output>
          </reporter-output>
        </test-method> <!-- startUp -->
        <test-method signature="playlistTests_renameNewPlaylist_playlistRenamed_COPY2()[pri:0, instance:pageObjectsTests.PlaylistTests@5a9f4771]" started-at="2021-08-01T05:29:14Z" name="playlistTests_renameNewPlaylist_playlistRenamed_COPY2" finished-at="2021-08-01T05:29:18Z" duration-ms="3935" status="PASS">
          <reporter-output>
          </reporter-output>
        </test-method> <!-- playlistTests_renameNewPlaylist_playlistRenamed_COPY2 -->
        <test-method is-config="true" signature="tearDown(org.testng.ITestResult)[pri:0, instance:pageObjectsTests.PlaylistTests@5a9f4771]" started-at="2021-08-01T05:29:18Z" name="tearDown" finished-at="2021-08-01T05:29:20Z" duration-ms="2090" status="PASS">
          <params>
            <param index="0">
              <value>
                <![CDATA[[TestResult name=playlistTests_renameNewPlaylist_playlistRenamed_COPY2 status=SUCCESS method=PlaylistTests.playlistTests_renameNewPlaylist_playlistRenamed_COPY2()[pri:0, instance:pageObjectsTests.PlaylistTests@5a9f4771] output={null}]]]>
              </value>
            </param>
          </params>
          <reporter-output>
          </reporter-output>
        </test-method> <!-- tearDown -->
        <test-method is-config="true" signature="startUp(java.lang.String, java.lang.String, java.lang.String)[pri:0, instance:pageObjectsTests.PlaylistTests@5a9f4771]" started-at="2021-08-01T05:29:20Z" name="startUp" finished-at="2021-08-01T05:29:21Z" duration-ms="624" status="PASS">
          <params>
            <param index="0">
              <value>
                <![CDATA[testrun7809@gmail.com]]>
              </value>
            </param>
            <param index="1">
              <value>
                <![CDATA[12345]]>
              </value>
            </param>
            <param index="2">
              <value>
                <![CDATA[chrome]]>
              </value>
            </param>
          </params>
          <reporter-output>
          </reporter-output>
        </test-method> <!-- startUp -->
        <test-method signature="playlistTests_createNewPlaylist_playlistCreated_COPY3()[pri:0, instance:pageObjectsTests.PlaylistTests@5a9f4771]" started-at="2021-08-01T05:29:21Z" name="playlistTests_createNewPlaylist_playlistCreated_COPY3" finished-at="2021-08-01T05:29:23Z" duration-ms="2717" status="PASS">
          <reporter-output>
          </reporter-output>
        </test-method> <!-- playlistTests_createNewPlaylist_playlistCreated_COPY3 -->
        <test-method is-config="true" signature="tearDown(org.testng.ITestResult)[pri:0, instance:pageObjectsTests.PlaylistTests@5a9f4771]" started-at="2021-08-01T05:29:23Z" name="tearDown" finished-at="2021-08-01T05:29:25Z" duration-ms="2086" status="PASS">
          <params>
            <param index="0">
              <value>
                <![CDATA[[TestResult name=playlistTests_createNewPlaylist_playlistCreated_COPY3 status=SUCCESS method=PlaylistTests.playlistTests_createNewPlaylist_playlistCreated_COPY3()[pri:0, instance:pageObjectsTests.PlaylistTests@5a9f4771] output={null}]]]>
              </value>
            </param>
          </params>
          <reporter-output>
          </reporter-output>
        </test-method> <!-- tearDown -->
        <test-method is-config="true" signature="startUp(java.lang.String, java.lang.String, java.lang.String)[pri:0, instance:pageObjectsTests.PlaylistTests@5a9f4771]" started-at="2021-08-01T05:29:25Z" name="startUp" finished-at="2021-08-01T05:29:26Z" duration-ms="613" status="PASS">
          <params>
            <param index="0">
              <value>
                <![CDATA[testrun7809@gmail.com]]>
              </value>
            </param>
            <param index="1">
              <value>
                <![CDATA[12345]]>
              </value>
            </param>
            <param index="2">
              <value>
                <![CDATA[chrome]]>
              </value>
            </param>
          </params>
          <reporter-output>
          </reporter-output>
        </test-method> <!-- startUp -->
        <test-method signature="playlistTests_renameNewPlaylist_playlistRenamed_COPY3()[pri:0, instance:pageObjectsTests.PlaylistTests@5a9f4771]" started-at="2021-08-01T05:29:26Z" name="playlistTests_renameNewPlaylist_playlistRenamed_COPY3" finished-at="2021-08-01T05:29:30Z" duration-ms="3663" status="PASS">
          <reporter-output>
          </reporter-output>
        </test-method> <!-- playlistTests_renameNewPlaylist_playlistRenamed_COPY3 -->
        <test-method is-config="true" signature="tearDown(org.testng.ITestResult)[pri:0, instance:pageObjectsTests.PlaylistTests@5a9f4771]" started-at="2021-08-01T05:29:30Z" name="tearDown" finished-at="2021-08-01T05:29:32Z" duration-ms="2091" status="PASS">
          <params>
            <param index="0">
              <value>
                <![CDATA[[TestResult name=playlistTests_renameNewPlaylist_playlistRenamed_COPY3 status=SUCCESS method=PlaylistTests.playlistTests_renameNewPlaylist_playlistRenamed_COPY3()[pri:0, instance:pageObjectsTests.PlaylistTests@5a9f4771] output={null}]]]>
              </value>
            </param>
          </params>
          <reporter-output>
          </reporter-output>
        </test-method> <!-- tearDown -->
      </class> <!-- pageObjectsTests.PlaylistTests -->
      <class name="pageObjectsTests.LoginToApp">
        <test-method is-config="true" signature="startUp(java.lang.String, java.lang.String, java.lang.String)[pri:0, instance:pageObjectsTests.LoginToApp@21129f1f]" started-at="2021-08-01T05:28:26Z" name="startUp" finished-at="2021-08-01T05:28:28Z" duration-ms="2827" status="PASS">
          <params>
            <param index="0">
              <value>
                <![CDATA[testrun7809@gmail.com]]>
              </value>
            </param>
            <param index="1">
              <value>
                <![CDATA[12345]]>
              </value>
            </param>
            <param index="2">
              <value>
                <![CDATA[chrome]]>
              </value>
            </param>
          </params>
          <reporter-output>
          </reporter-output>
        </test-method> <!-- startUp -->
        <test-method signature="flakyTest()[pri:0, instance:pageObjectsTests.LoginToApp@21129f1f]" started-at="2021-08-01T05:28:28Z" name="flakyTest" finished-at="2021-08-01T05:28:28Z" duration-ms="3" status="SKIP">
          <exception class="java.lang.AssertionError">
            <message>
              <![CDATA[expected [true] but found [false]]]>
            </message>
            <full-stacktrace>
              <![CDATA[java.lang.AssertionError: expected [true] but found [false]
at org.testng.Assert.fail(Assert.java:96)
at org.testng.Assert.failNotEquals(Assert.java:776)
at org.testng.Assert.assertTrue(Assert.java:44)
at org.testng.Assert.assertTrue(Assert.java:54)
at pageObjectsTests.LoginToApp.flakyTest(LoginToApp.java:15)
at java.base/jdk.internal.reflect.NativeMethodAccessorImpl.invoke0(Native Method)
at java.base/jdk.internal.reflect.NativeMethodAccessorImpl.invoke(NativeMethodAccessorImpl.java:64)
at java.base/jdk.internal.reflect.DelegatingMethodAccessorImpl.invoke(DelegatingMethodAccessorImpl.java:43)
at java.base/java.lang.reflect.Method.invoke(Method.java:564)
at org.testng.internal.MethodInvocationHelper.invokeMethod(MethodInvocationHelper.java:124)
at org.testng.internal.Invoker.invokeMethod(Invoker.java:583)
at org.testng.internal.Invoker.invokeTestMethod(Invoker.java:719)
at org.testng.internal.Invoker.invokeTestMethods(Invoker.java:989)
at org.testng.internal.TestMethodWorker.invokeTestMethods(TestMethodWorker.java:125)
at org.testng.internal.TestMethodWorker.run(TestMethodWorker.java:109)
at java.base/java.util.concurrent.ThreadPoolExecutor.runWorker(ThreadPoolExecutor.java:1130)
at java.base/java.util.concurrent.ThreadPoolExecutor$Worker.run(ThreadPoolExecutor.java:630)
at java.base/java.lang.Thread.run(Thread.java:832)
]]>
            </full-stacktrace>
          </exception> <!-- java.lang.AssertionError -->
          <reporter-output>
          </reporter-output>
        </test-method> <!-- flakyTest -->
        <test-method is-config="true" signature="tearDown(org.testng.ITestResult)[pri:0, instance:pageObjectsTests.LoginToApp@21129f1f]" started-at="2021-08-01T05:28:28Z" name="tearDown" finished-at="2021-08-01T05:28:31Z" duration-ms="2085" status="PASS">
          <params>
            <param index="0">
              <value>
                <![CDATA[[TestResult name=flakyTest status=SKIP method=LoginToApp.flakyTest()[pri:0, instance:pageObjectsTests.LoginToApp@21129f1f] output={null}]]]>
              </value>
            </param>
          </params>
          <reporter-output>
          </reporter-output>
        </test-method> <!-- tearDown -->
        <test-method is-config="true" signature="startUp(java.lang.String, java.lang.String, java.lang.String)[pri:0, instance:pageObjectsTests.LoginToApp@21129f1f]" started-at="2021-08-01T05:28:31Z" name="startUp" finished-at="2021-08-01T05:28:32Z" duration-ms="1067" status="PASS">
          <params>
            <param index="0">
              <value>
                <![CDATA[testrun7809@gmail.com]]>
              </value>
            </param>
            <param index="1">
              <value>
                <![CDATA[12345]]>
              </value>
            </param>
            <param index="2">
              <value>
                <![CDATA[chrome]]>
              </value>
            </param>
          </params>
          <reporter-output>
          </reporter-output>
        </test-method> <!-- startUp -->
        <test-method signature="flakyTest()[pri:0, instance:pageObjectsTests.LoginToApp@21129f1f]" started-at="2021-08-01T05:28:32Z" name="flakyTest" finished-at="2021-08-01T05:28:32Z" duration-ms="0" status="SKIP">
          <exception class="java.lang.AssertionError">
            <message>
              <![CDATA[expected [true] but found [false]]]>
            </message>
            <full-stacktrace>
              <![CDATA[java.lang.AssertionError: expected [true] but found [false]
at org.testng.Assert.fail(Assert.java:96)
at org.testng.Assert.failNotEquals(Assert.java:776)
at org.testng.Assert.assertTrue(Assert.java:44)
at org.testng.Assert.assertTrue(Assert.java:54)
at pageObjectsTests.LoginToApp.flakyTest(LoginToApp.java:15)
at java.base/jdk.internal.reflect.NativeMethodAccessorImpl.invoke0(Native Method)
at java.base/jdk.internal.reflect.NativeMethodAccessorImpl.invoke(NativeMethodAccessorImpl.java:64)
at java.base/jdk.internal.reflect.DelegatingMethodAccessorImpl.invoke(DelegatingMethodAccessorImpl.java:43)
at java.base/java.lang.reflect.Method.invoke(Method.java:564)
at org.testng.internal.MethodInvocationHelper.invokeMethod(MethodInvocationHelper.java:124)
at org.testng.internal.Invoker.invokeMethod(Invoker.java:583)
at org.testng.internal.Invoker.retryFailed(Invoker.java:839)
at org.testng.internal.Invoker.invokeTestMethods(Invoker.java:1010)
at org.testng.internal.TestMethodWorker.invokeTestMethods(TestMethodWorker.java:125)
at org.testng.internal.TestMethodWorker.run(TestMethodWorker.java:109)
at java.base/java.util.concurrent.ThreadPoolExecutor.runWorker(ThreadPoolExecutor.java:1130)
at java.base/java.util.concurrent.ThreadPoolExecutor$Worker.run(ThreadPoolExecutor.java:630)
at java.base/java.lang.Thread.run(Thread.java:832)
]]>
            </full-stacktrace>
          </exception> <!-- java.lang.AssertionError -->
          <reporter-output>
          </reporter-output>
        </test-method> <!-- flakyTest -->
        <test-method is-config="true" signature="tearDown(org.testng.ITestResult)[pri:0, instance:pageObjectsTests.LoginToApp@21129f1f]" started-at="2021-08-01T05:28:32Z" name="tearDown" finished-at="2021-08-01T05:28:34Z" duration-ms="2072" status="PASS">
          <params>
            <param index="0">
              <value>
                <![CDATA[[TestResult name=flakyTest status=SKIP method=LoginToApp.flakyTest()[pri:0, instance:pageObjectsTests.LoginToApp@21129f1f] output={null}]]]>
              </value>
            </param>
          </params>
          <reporter-output>
          </reporter-output>
        </test-method> <!-- tearDown -->
        <test-method is-config="true" signature="startUp(java.lang.String, java.lang.String, java.lang.String)[pri:0, instance:pageObjectsTests.LoginToApp@21129f1f]" started-at="2021-08-01T05:28:34Z" name="startUp" finished-at="2021-08-01T05:28:34Z" duration-ms="758" status="PASS">
          <params>
            <param index="0">
              <value>
                <![CDATA[testrun7809@gmail.com]]>
              </value>
            </param>
            <param index="1">
              <value>
                <![CDATA[12345]]>
              </value>
            </param>
            <param index="2">
              <value>
                <![CDATA[chrome]]>
              </value>
            </param>
          </params>
          <reporter-output>
          </reporter-output>
        </test-method> <!-- startUp -->
        <test-method signature="flakyTest()[pri:0, instance:pageObjectsTests.LoginToApp@21129f1f]" started-at="2021-08-01T05:28:34Z" name="flakyTest" finished-at="2021-08-01T05:28:34Z" duration-ms="0" status="PASS">
          <reporter-output>
          </reporter-output>
        </test-method> <!-- flakyTest -->
        <test-method is-config="true" signature="tearDown(org.testng.ITestResult)[pri:0, instance:pageObjectsTests.LoginToApp@21129f1f]" started-at="2021-08-01T05:28:34Z" name="tearDown" finished-at="2021-08-01T05:28:36Z" duration-ms="2071" status="PASS">
          <params>
            <param index="0">
              <value>
                <![CDATA[[TestResult name=flakyTest status=SUCCESS method=LoginToApp.flakyTest()[pri:0, instance:pageObjectsTests.LoginToApp@21129f1f] output={null}]]]>
              </value>
            </param>
          </params>
          <reporter-output>
          </reporter-output>
        </test-method> <!-- tearDown -->
        <test-method is-config="true" signature="startUp(java.lang.String, java.lang.String, java.lang.String)[pri:0, instance:pageObjectsTests.LoginToApp@21129f1f]" started-at="2021-08-01T05:28:36Z" name="startUp" finished-at="2021-08-01T05:28:37Z" duration-ms="766" status="PASS">
          <params>
            <param index="0">
              <value>
                <![CDATA[testrun7809@gmail.com]]>
              </value>
            </param>
            <param index="1">
              <value>
                <![CDATA[12345]]>
              </value>
            </param>
            <param index="2">
              <value>
                <![CDATA[chrome]]>
              </value>
            </param>
          </params>
          <reporter-output>
          </reporter-output>
        </test-method> <!-- startUp -->
        <test-method signature="loginToApp_correctCredentials_successfulLogin()[pri:0, instance:pageObjectsTests.LoginToApp@21129f1f]" started-at="2021-08-01T05:28:37Z" name="loginToApp_correctCredentials_successfulLogin" finished-at="2021-08-01T05:28:40Z" duration-ms="3018" status="PASS">
          <reporter-output>
          </reporter-output>
        </test-method> <!-- loginToApp_correctCredentials_successfulLogin -->
        <test-method is-config="true" signature="tearDown(org.testng.ITestResult)[pri:0, instance:pageObjectsTests.LoginToApp@21129f1f]" started-at="2021-08-01T05:28:40Z" name="tearDown" finished-at="2021-08-01T05:28:42Z" duration-ms="2093" status="PASS">
          <params>
            <param index="0">
              <value>
                <![CDATA[[TestResult name=loginToApp_correctCredentials_successfulLogin status=SUCCESS method=LoginToApp.loginToApp_correctCredentials_successfulLogin()[pri:0, instance:pageObjectsTests.LoginToApp@21129f1f] output={null}]]]>
              </value>
            </param>
          </params>
          <reporter-output>
          </reporter-output>
        </test-method> <!-- tearDown -->
        <test-method is-config="true" signature="startUp(java.lang.String, java.lang.String, java.lang.String)[pri:0, instance:pageObjectsTests.LoginToApp@21129f1f]" started-at="2021-08-01T05:28:42Z" name="startUp" finished-at="2021-08-01T05:28:43Z" duration-ms="772" status="PASS">
          <params>
            <param index="0">
              <value>
                <![CDATA[testrun7809@gmail.com]]>
              </value>
            </param>
            <param index="1">
              <value>
                <![CDATA[12345]]>
              </value>
            </param>
            <param index="2">
              <value>
                <![CDATA[chrome]]>
              </value>
            </param>
          </params>
          <reporter-output>
          </reporter-output>
        </test-method> <!-- startUp -->
        <test-method signature="loginToApp_incorrectCredentials_failedLogin()[pri:0, instance:pageObjectsTests.LoginToApp@21129f1f]" started-at="2021-08-01T05:28:43Z" name="loginToApp_incorrectCredentials_failedLogin" finished-at="2021-08-01T05:28:46Z" duration-ms="2676" status="PASS">
          <reporter-output>
          </reporter-output>
        </test-method> <!-- loginToApp_incorrectCredentials_failedLogin -->
        <test-method is-config="true" signature="tearDown(org.testng.ITestResult)[pri:0, instance:pageObjectsTests.LoginToApp@21129f1f]" started-at="2021-08-01T05:28:46Z" name="tearDown" finished-at="2021-08-01T05:28:48Z" duration-ms="2080" status="PASS">
          <params>
            <param index="0">
              <value>
                <![CDATA[[TestResult name=loginToApp_incorrectCredentials_failedLogin status=SUCCESS method=LoginToApp.loginToApp_incorrectCredentials_failedLogin()[pri:0, instance:pageObjectsTests.LoginToApp@21129f1f] output={null}]]]>
              </value>
            </param>
          </params>
          <reporter-output>
          </reporter-output>
        </test-method> <!-- tearDown -->
        <test-method is-config="true" signature="startUp(java.lang.String, java.lang.String, java.lang.String)[pri:0, instance:pageObjectsTests.LoginToApp@21129f1f]" started-at="2021-08-01T05:28:48Z" name="startUp" finished-at="2021-08-01T05:28:49Z" duration-ms="1131" status="PASS">
          <params>
            <param index="0">
              <value>
                <![CDATA[testrun7809@gmail.com]]>
              </value>
            </param>
            <param index="1">
              <value>
                <![CDATA[12345]]>
              </value>
            </param>
            <param index="2">
              <value>
                <![CDATA[chrome]]>
              </value>
            </param>
          </params>
          <reporter-output>
          </reporter-output>
        </test-method> <!-- startUp -->
        <test-method signature="loginToApp_correctCredentials_successfulLogin_COPY1()[pri:0, instance:pageObjectsTests.LoginToApp@21129f1f]" started-at="2021-08-01T05:28:49Z" name="loginToApp_correctCredentials_successfulLogin_COPY1" finished-at="2021-08-01T05:28:53Z" duration-ms="3761" status="PASS">
          <reporter-output>
          </reporter-output>
        </test-method> <!-- loginToApp_correctCredentials_successfulLogin_COPY1 -->
        <test-method is-config="true" signature="tearDown(org.testng.ITestResult)[pri:0, instance:pageObjectsTests.LoginToApp@21129f1f]" started-at="2021-08-01T05:28:53Z" name="tearDown" finished-at="2021-08-01T05:28:55Z" duration-ms="2100" status="PASS">
          <params>
            <param index="0">
              <value>
                <![CDATA[[TestResult name=loginToApp_correctCredentials_successfulLogin_COPY1 status=SUCCESS method=LoginToApp.loginToApp_correctCredentials_successfulLogin_COPY1()[pri:0, instance:pageObjectsTests.LoginToApp@21129f1f] output={null}]]]>
              </value>
            </param>
          </params>
          <reporter-output>
          </reporter-output>
        </test-method> <!-- tearDown -->
        <test-method is-config="true" signature="startUp(java.lang.String, java.lang.String, java.lang.String)[pri:0, instance:pageObjectsTests.LoginToApp@21129f1f]" started-at="2021-08-01T05:28:55Z" name="startUp" finished-at="2021-08-01T05:28:56Z" duration-ms="1292" status="PASS">
          <params>
            <param index="0">
              <value>
                <![CDATA[testrun7809@gmail.com]]>
              </value>
            </param>
            <param index="1">
              <value>
                <![CDATA[12345]]>
              </value>
            </param>
            <param index="2">
              <value>
                <![CDATA[chrome]]>
              </value>
            </param>
          </params>
          <reporter-output>
          </reporter-output>
        </test-method> <!-- startUp -->
        <test-method signature="loginToApp_incorrectCredentials_failedLogin_COPY1()[pri:0, instance:pageObjectsTests.LoginToApp@21129f1f]" started-at="2021-08-01T05:28:56Z" name="loginToApp_incorrectCredentials_failedLogin_COPY1" finished-at="2021-08-01T05:28:58Z" duration-ms="2118" status="PASS">
          <reporter-output>
          </reporter-output>
        </test-method> <!-- loginToApp_incorrectCredentials_failedLogin_COPY1 -->
        <test-method is-config="true" signature="tearDown(org.testng.ITestResult)[pri:0, instance:pageObjectsTests.LoginToApp@21129f1f]" started-at="2021-08-01T05:28:58Z" name="tearDown" finished-at="2021-08-01T05:29:00Z" duration-ms="2086" status="PASS">
          <params>
            <param index="0">
              <value>
                <![CDATA[[TestResult name=loginToApp_incorrectCredentials_failedLogin_COPY1 status=SUCCESS method=LoginToApp.loginToApp_incorrectCredentials_failedLogin_COPY1()[pri:0, instance:pageObjectsTests.LoginToApp@21129f1f] output={null}]]]>
              </value>
            </param>
          </params>
          <reporter-output>
          </reporter-output>
        </test-method> <!-- tearDown -->
        <test-method is-config="true" signature="startUp(java.lang.String, java.lang.String, java.lang.String)[pri:0, instance:pageObjectsTests.LoginToApp@21129f1f]" started-at="2021-08-01T05:29:00Z" name="startUp" finished-at="2021-08-01T05:29:01Z" duration-ms="892" status="PASS">
          <params>
            <param index="0">
              <value>
                <![CDATA[testrun7809@gmail.com]]>
              </value>
            </param>
            <param index="1">
              <value>
                <![CDATA[12345]]>
              </value>
            </param>
            <param index="2">
              <value>
                <![CDATA[chrome]]>
              </value>
            </param>
          </params>
          <reporter-output>
          </reporter-output>
        </test-method> <!-- startUp -->
        <test-method signature="loginToApp_correctCredentials_successfulLogin_COPY2()[pri:0, instance:pageObjectsTests.LoginToApp@21129f1f]" started-at="2021-08-01T05:29:01Z" name="loginToApp_correctCredentials_successfulLogin_COPY2" finished-at="2021-08-01T05:29:04Z" duration-ms="2999" status="PASS">
          <reporter-output>
          </reporter-output>
        </test-method> <!-- loginToApp_correctCredentials_successfulLogin_COPY2 -->
        <test-method is-config="true" signature="tearDown(org.testng.ITestResult)[pri:0, instance:pageObjectsTests.LoginToApp@21129f1f]" started-at="2021-08-01T05:29:04Z" name="tearDown" finished-at="2021-08-01T05:29:06Z" duration-ms="2111" status="PASS">
          <params>
            <param index="0">
              <value>
                <![CDATA[[TestResult name=loginToApp_correctCredentials_successfulLogin_COPY2 status=SUCCESS method=LoginToApp.loginToApp_correctCredentials_successfulLogin_COPY2()[pri:0, instance:pageObjectsTests.LoginToApp@21129f1f] output={null}]]]>
              </value>
            </param>
          </params>
          <reporter-output>
          </reporter-output>
        </test-method> <!-- tearDown -->
        <test-method is-config="true" signature="startUp(java.lang.String, java.lang.String, java.lang.String)[pri:0, instance:pageObjectsTests.LoginToApp@21129f1f]" started-at="2021-08-01T05:29:06Z" name="startUp" finished-at="2021-08-01T05:29:07Z" duration-ms="1038" status="PASS">
          <params>
            <param index="0">
              <value>
                <![CDATA[testrun7809@gmail.com]]>
              </value>
            </param>
            <param index="1">
              <value>
                <![CDATA[12345]]>
              </value>
            </param>
            <param index="2">
              <value>
                <![CDATA[chrome]]>
              </value>
            </param>
          </params>
          <reporter-output>
          </reporter-output>
        </test-method> <!-- startUp -->
        <test-method signature="loginToApp_correctCredentials_successfulLogin_COPY3()[pri:0, instance:pageObjectsTests.LoginToApp@21129f1f]" started-at="2021-08-01T05:29:07Z" name="loginToApp_correctCredentials_successfulLogin_COPY3" finished-at="2021-08-01T05:29:11Z" duration-ms="3564" status="PASS">
          <reporter-output>
          </reporter-output>
        </test-method> <!-- loginToApp_correctCredentials_successfulLogin_COPY3 -->
        <test-method is-config="true" signature="tearDown(org.testng.ITestResult)[pri:0, instance:pageObjectsTests.LoginToApp@21129f1f]" started-at="2021-08-01T05:29:11Z" name="tearDown" finished-at="2021-08-01T05:29:13Z" duration-ms="2090" status="PASS">
          <params>
            <param index="0">
              <value>
                <![CDATA[[TestResult name=loginToApp_correctCredentials_successfulLogin_COPY3 status=SUCCESS method=LoginToApp.loginToApp_correctCredentials_successfulLogin_COPY3()[pri:0, instance:pageObjectsTests.LoginToApp@21129f1f] output={null}]]]>
              </value>
            </param>
          </params>
          <reporter-output>
          </reporter-output>
        </test-method> <!-- tearDown -->
        <test-method is-config="true" signature="startUp(java.lang.String, java.lang.String, java.lang.String)[pri:0, instance:pageObjectsTests.LoginToApp@21129f1f]" started-at="2021-08-01T05:29:13Z" name="startUp" finished-at="2021-08-01T05:29:14Z" duration-ms="915" status="PASS">
          <params>
            <param index="0">
              <value>
                <![CDATA[testrun7809@gmail.com]]>
              </value>
            </param>
            <param index="1">
              <value>
                <![CDATA[12345]]>
              </value>
            </param>
            <param index="2">
              <value>
                <![CDATA[chrome]]>
              </value>
            </param>
          </params>
          <reporter-output>
          </reporter-output>
        </test-method> <!-- startUp -->
        <test-method signature="loginToApp_incorrectCredentials_failedLogin_COPY3()[pri:0, instance:pageObjectsTests.LoginToApp@21129f1f]" started-at="2021-08-01T05:29:14Z" name="loginToApp_incorrectCredentials_failedLogin_COPY3" finished-at="2021-08-01T05:29:16Z" duration-ms="1631" status="PASS">
          <reporter-output>
          </reporter-output>
        </test-method> <!-- loginToApp_incorrectCredentials_failedLogin_COPY3 -->
        <test-method is-config="true" signature="tearDown(org.testng.ITestResult)[pri:0, instance:pageObjectsTests.LoginToApp@21129f1f]" started-at="2021-08-01T05:29:16Z" name="tearDown" finished-at="2021-08-01T05:29:18Z" duration-ms="2088" status="PASS">
          <params>
            <param index="0">
              <value>
                <![CDATA[[TestResult name=loginToApp_incorrectCredentials_failedLogin_COPY3 status=SUCCESS method=LoginToApp.loginToApp_incorrectCredentials_failedLogin_COPY3()[pri:0, instance:pageObjectsTests.LoginToApp@21129f1f] output={null}]]]>
              </value>
            </param>
          </params>
          <reporter-output>
          </reporter-output>
        </test-method> <!-- tearDown -->
      </class> <!-- pageObjectsTests.LoginToApp -->
    </test> <!-- Main tests -->
  </suite> <!-- Master Suit -->
</testng-results>
